<?xml version="1.0" encoding="UTF-8"?>
<testsuite name="Cucumber" time="20.499" tests="1" skipped="0" failures="0" errors="0">
<testcase classname="Attandance Verfifcation Login + Open Calender + Montly Calender + Refresh" name="AttandanceVerfifcation" time="20.193">
<system-out><![CDATA[
Given Open the HRMS Application.............................................passed
And Login to the HRMS Application...........................................passed
When Click on Calender bar..................................................passed
And Click on Current Month Link Label.......................................passed
And Click on Refresh........................................................passed
Then Verify the Current Month Calender......................................passed
]]></system-out>
</testcase>
</testsuite>
